<?xml version="1.0" encoding="UTF-8"?>
<testsuite name="pre.project.server.ServerApplicationTests" tests="1" skipped="0" failures="0" errors="0" timestamp="2022-08-29T02:28:02" hostname="Hong-MacBook.local" time="0.561">
  <properties/>
  <testcase name="contextLoads()" classname="pre.project.server.ServerApplicationTests" time="0.561"/>
  <system-out><![CDATA[11:27:57.616 [Test worker] DEBUG org.springframework.test.context.BootstrapUtils - Instantiating CacheAwareContextLoaderDelegate from class [org.springframework.test.context.cache.DefaultCacheAwareContextLoaderDelegate]
11:27:57.629 [Test worker] DEBUG org.springframework.test.context.BootstrapUtils - Instantiating BootstrapContext using constructor [public org.springframework.test.context.support.DefaultBootstrapContext(java.lang.Class,org.springframework.test.context.CacheAwareContextLoaderDelegate)]
11:27:57.696 [Test worker] DEBUG org.springframework.test.context.BootstrapUtils - Instantiating TestContextBootstrapper for test class [pre.project.server.ServerApplicationTests] from class [org.springframework.boot.test.context.SpringBootTestContextBootstrapper]
11:27:57.715 [Test worker] INFO org.springframework.boot.test.context.SpringBootTestContextBootstrapper - Neither @ContextConfiguration nor @ContextHierarchy found for test class [pre.project.server.ServerApplicationTests], using SpringBootContextLoader
11:27:57.721 [Test worker] DEBUG org.springframework.test.context.support.AbstractContextLoader - Did not detect default resource location for test class [pre.project.server.ServerApplicationTests]: class path resource [pre/project/server/ServerApplicationTests-context.xml] does not exist
11:27:57.721 [Test worker] DEBUG org.springframework.test.context.support.AbstractContextLoader - Did not detect default resource location for test class [pre.project.server.ServerApplicationTests]: class path resource [pre/project/server/ServerApplicationTestsContext.groovy] does not exist
11:27:57.722 [Test worker] INFO org.springframework.test.context.support.AbstractContextLoader - Could not detect default resource locations for test class [pre.project.server.ServerApplicationTests]: no resource found for suffixes {-context.xml, Context.groovy}.
11:27:57.722 [Test worker] INFO org.springframework.test.context.support.AnnotationConfigContextLoaderUtils - Could not detect default configuration classes for test class [pre.project.server.ServerApplicationTests]: ServerApplicationTests does not declare any static, non-private, non-final, nested classes annotated with @Configuration.
11:27:57.800 [Test worker] DEBUG org.springframework.test.context.support.ActiveProfilesUtils - Could not find an 'annotation declaring class' for annotation type [org.springframework.test.context.ActiveProfiles] and class [pre.project.server.ServerApplicationTests]
11:27:57.897 [Test worker] DEBUG org.springframework.context.annotation.ClassPathScanningCandidateComponentProvider - Identified candidate component class: file [/Users/hongminjeong/dev/pre/seb39_pre_056/Server/build/classes/java/main/pre/project/server/ServerApplication.class]
11:27:57.900 [Test worker] INFO org.springframework.boot.test.context.SpringBootTestContextBootstrapper - Found @SpringBootConfiguration pre.project.server.ServerApplication for test class pre.project.server.ServerApplicationTests
11:27:58.047 [Test worker] DEBUG org.springframework.boot.test.context.SpringBootTestContextBootstrapper - @TestExecutionListeners is not present for class [pre.project.server.ServerApplicationTests]: using defaults.
11:27:58.048 [Test worker] INFO org.springframework.boot.test.context.SpringBootTestContextBootstrapper - Loaded default TestExecutionListener class names from location [META-INF/spring.factories]: [org.springframework.boot.test.autoconfigure.restdocs.RestDocsTestExecutionListener, org.springframework.boot.test.autoconfigure.web.client.MockRestServiceServerResetTestExecutionListener, org.springframework.boot.test.autoconfigure.web.servlet.MockMvcPrintOnlyOnFailureTestExecutionListener, org.springframework.boot.test.autoconfigure.web.servlet.WebDriverTestExecutionListener, org.springframework.boot.test.autoconfigure.webservices.client.MockWebServiceServerTestExecutionListener, org.springframework.boot.test.mock.mockito.MockitoTestExecutionListener, org.springframework.boot.test.mock.mockito.ResetMocksTestExecutionListener, org.springframework.test.context.web.ServletTestExecutionListener, org.springframework.test.context.support.DirtiesContextBeforeModesTestExecutionListener, org.springframework.test.context.event.ApplicationEventsTestExecutionListener, org.springframework.test.context.support.DependencyInjectionTestExecutionListener, org.springframework.test.context.support.DirtiesContextTestExecutionListener, org.springframework.test.context.transaction.TransactionalTestExecutionListener, org.springframework.test.context.jdbc.SqlScriptsTestExecutionListener, org.springframework.test.context.event.EventPublishingTestExecutionListener]
11:27:58.062 [Test worker] DEBUG org.springframework.boot.test.context.SpringBootTestContextBootstrapper - Skipping candidate TestExecutionListener [org.springframework.test.context.transaction.TransactionalTestExecutionListener] due to a missing dependency. Specify custom listener classes or make the default listener classes and their required dependencies available. Offending class: [org/springframework/transaction/TransactionDefinition]
11:27:58.063 [Test worker] DEBUG org.springframework.boot.test.context.SpringBootTestContextBootstrapper - Skipping candidate TestExecutionListener [org.springframework.test.context.jdbc.SqlScriptsTestExecutionListener] due to a missing dependency. Specify custom listener classes or make the default listener classes and their required dependencies available. Offending class: [org/springframework/transaction/interceptor/TransactionAttribute]
11:27:58.063 [Test worker] INFO org.springframework.boot.test.context.SpringBootTestContextBootstrapper - Using TestExecutionListeners: [org.springframework.test.context.web.ServletTestExecutionListener@35293c05, org.springframework.test.context.support.DirtiesContextBeforeModesTestExecutionListener@620aa4ea, org.springframework.test.context.event.ApplicationEventsTestExecutionListener@2db2dd9d, org.springframework.boot.test.mock.mockito.MockitoTestExecutionListener@3174cb09, org.springframework.boot.test.autoconfigure.SpringBootDependencyInjectionTestExecutionListener@4d411036, org.springframework.test.context.support.DirtiesContextTestExecutionListener@7adbd080, org.springframework.test.context.event.EventPublishingTestExecutionListener@41beb473, org.springframework.boot.test.autoconfigure.restdocs.RestDocsTestExecutionListener@560513ce, org.springframework.boot.test.autoconfigure.web.client.MockRestServiceServerResetTestExecutionListener@13006998, org.springframework.boot.test.autoconfigure.web.servlet.MockMvcPrintOnlyOnFailureTestExecutionListener@37fbe4a8, org.springframework.boot.test.autoconfigure.web.servlet.WebDriverTestExecutionListener@352c308, org.springframework.boot.test.autoconfigure.webservices.client.MockWebServiceServerTestExecutionListener@7d373bcf, org.springframework.boot.test.mock.mockito.ResetMocksTestExecutionListener@6d6bc158]
11:27:58.069 [Test worker] DEBUG org.springframework.test.context.support.AbstractDirtiesContextTestExecutionListener - Before test class: context [DefaultTestContext@5489c777 testClass = ServerApplicationTests, testInstance = [null], testMethod = [null], testException = [null], mergedContextConfiguration = [WebMergedContextConfiguration@3676ac27 testClass = ServerApplicationTests, locations = '{}', classes = '{class pre.project.server.ServerApplication}', contextInitializerClasses = '[]', activeProfiles = '{}', propertySourceLocations = '{}', propertySourceProperties = '{org.springframework.boot.test.context.SpringBootTestContextBootstrapper=true}', contextCustomizers = set[org.springframework.boot.test.autoconfigure.actuate.metrics.MetricsExportContextCustomizerFactory$DisableMetricExportContextCustomizer@2a79d4b1, org.springframework.boot.test.autoconfigure.properties.PropertyMappingContextCustomizer@0, org.springframework.boot.test.autoconfigure.web.servlet.WebDriverContextCustomizerFactory$Customizer@696f0212, org.springframework.boot.test.context.filter.ExcludeFilterContextCustomizer@f478a81, org.springframework.boot.test.json.DuplicateJsonObjectContextCustomizerFactory$DuplicateJsonObjectContextCustomizer@7ce97ee5, org.springframework.boot.test.mock.mockito.MockitoContextCustomizer@0, org.springframework.boot.test.web.client.TestRestTemplateContextCustomizer@4ba302e0, org.springframework.boot.test.context.SpringBootTestArgs@1, org.springframework.boot.test.context.SpringBootTestWebEnvironment@24c1b2d2], resourceBasePath = 'src/main/webapp', contextLoader = 'org.springframework.boot.test.context.SpringBootContextLoader', parent = [null]], attributes = map['org.springframework.test.context.web.ServletTestExecutionListener.activateListener' -> true]], class annotated with @DirtiesContext [false] with mode [null].

  .   ____          _            __ _ _
 /\\ / ___'_ __ _ _(_)_ __  __ _ \ \ \ \
( ( )\___ | '_ | '_| | '_ \/ _` | \ \ \ \
 \\/  ___)| |_)| | | | | || (_| |  ) ) ) )
  '  |____| .__|_| |_|_| |_\__, | / / / /
 =========|_|==============|___/=/_/_/_/
 :: Spring Boot ::                (v2.7.3)

2022-08-29 11:27:58.919  INFO 17413 --- [    Test worker] p.project.server.ServerApplicationTests  : Starting ServerApplicationTests using Java 11.0.11 on Hong-MacBook.local with PID 17413 (started by hongminjeong in /Users/hongminjeong/dev/pre/seb39_pre_056/Server)
2022-08-29 11:27:58.922  INFO 17413 --- [    Test worker] p.project.server.ServerApplicationTests  : No active profile set, falling back to 1 default profile: "default"
2022-08-29 11:28:02.444  INFO 17413 --- [    Test worker] p.project.server.ServerApplicationTests  : Started ServerApplicationTests in 4.185 seconds (JVM running for 6.511)
]]></system-out>
  <system-err><![CDATA[]]></system-err>
</testsuite>
